<?xml version="1.0" encoding="UTF-8"?>
<!-- Generated by org.testng.reporters.JUnitReportReporter -->
<testsuite hostname="DESKTOP-B2L0HD6" failures="0" tests="1" name="FailedTestcases.Sample.Login" time="10.892" errors="0" timestamp="2022-06-22T12:16:57 IST" skipped="0">
  <testcase classname="FailedTestcases.Sample.Login" name="Login" time="10.892"/>
  <system-out/>
</testsuite> <!-- FailedTestcases.Sample.Login -->
